<?xml version="1.0" encoding="UTF-8"?>
<!-- Generated by org.testng.reporters.JUnitXMLReporter -->
<testsuite ignored="1" hostname="DESKTOP-PGOH6VN" failures="1" tests="3" name="Car Loan" time="0.05" errors="0" timestamp="2022-03-11T00:34:34 IST">
  <testcase classname="testng.Day3" name="loginApi" time="0.005"/>
  <testcase classname="testng.Day3" name="mobLogin" time="0.003"/>
  <testcase classname="testng.Day3" name="webLogin" time="0.0">
    <failure type="org.testng.TestNGException" message="
Parameter &amp;apos;URL&amp;apos; is required by @Test on method webLogin but has not been marked @Optional or defined
in C:\Users\Manohar Joshi\eclipse-workspace\TestNg\testng.xml">
      <![CDATA[org.testng.TestNGException: 
Parameter 'URL' is required by @Test on method webLogin but has not been marked @Optional or defined
in C:\Users\Manohar Joshi\eclipse-workspace\TestNg\testng.xml
at java.base/java.util.ArrayList.forEach(ArrayList.java:1541)
... Removed 26 stack frames]]>
    </failure>
  </testcase> <!-- webLogin -->
  <testcase classname="testng.Day3" name="mobsignin" time="0.0">
    <ignored/>
  </testcase> <!-- mobsignin -->
</testsuite> <!-- Car Loan -->
