<?xml version="1.0" encoding="UTF-8"?>
<!-- Generated by org.testng.reporters.JUnitXMLReporter -->
<testsuite ignored="0" hostname="DESKTOP-PGOH6VN" failures="1" tests="9" name="parameter" time="0.203" errors="0" timestamp="2022-03-06T22:56:29 IST">
  <testcase classname="testng.Day3" name="loginApi" time="0.017"/>
  <testcase classname="testng.Day3" name="mobLogin" time="0.003"/>
  <testcase classname="testng.Day3" name="mobsignin" time="0.008">
    <failure type="java.lang.AssertionError" message="expected [true] but found [false]">
      <![CDATA[java.lang.AssertionError: expected [true] but found [false]
at testng.Day3.mobsignin(Day3.java:20)
at java.base/java.util.ArrayList.forEach(ArrayList.java:1511)
at java.base/java.util.concurrent.FutureTask.run(FutureTask.java:264)
at java.base/java.util.concurrent.ThreadPoolExecutor.runWorker(ThreadPoolExecutor.java:1130)
at java.base/java.util.concurrent.ThreadPoolExecutor$Worker.run(ThreadPoolExecutor.java:630)
at java.base/java.lang.Thread.run(Thread.java:831)
... Removed 22 stack frames]]>
    </failure>
  </testcase> <!-- mobsignin -->
  <testcase classname="testng.Day3" name="webLogin" time="0.003"/>
  <testcase classname="testng.Day4" name="loginApiHome" time="0.007"/>
  <testcase classname="testng.Day4" name="mobLoginHome" time="0.002"/>
  <testcase classname="testng.Day4" name="webLoginHome" time="0.002"/>
  <testcase classname="testng.Day4" name="webLoginHome" time="0.003"/>
  <testcase classname="testng.Day4" name="webLoginHome" time="0.018"/>
</testsuite> <!-- parameter -->
