<?xml version="1.0" encoding="UTF-8"?>
<!-- Generated by org.testng.reporters.JUnitXMLReporter -->
<testsuite ignored="2" hostname="DESKTOP-PGOH6VN" failures="0" tests="1" name="Smoke" time="0.113" errors="0" timestamp="2022-03-06T22:56:29 IST">
  <testcase classname="testng.Day2" name="day2" time="0.017"/>
  <testcase classname="testng.TestbBasics" name="test1" time="0.0">
    <ignored/>
  </testcase> <!-- test1 -->
  <testcase classname="testng.TestbBasics" name="test2" time="0.0">
    <ignored/>
  </testcase> <!-- test2 -->
</testsuite> <!-- Smoke -->
